<?xml version="1.0" encoding="UTF-8"?>
<testng-results ignored="0" total="2" passed="2" failed="0" skipped="0">
  <reporter-output>
  </reporter-output>
  <suite started-at="2023-04-22T12:28:43 IST" name="Default suite" finished-at="2023-04-22T12:28:52 IST" duration-ms="8852">
    <groups>
    </groups>
    <test started-at="2023-04-22T12:28:43 IST" name="Default test" finished-at="2023-04-22T12:28:52 IST" duration-ms="8852">
      <class name="test.SearchTest">
        <test-method is-config="true" signature="setUpEnv()[pri:0, instance:test.SearchTest@543295b0]" started-at="2023-04-22T12:28:43 IST" name="setUpEnv" finished-at="2023-04-22T12:28:48 IST" duration-ms="4994" status="PASS">
          <reporter-output>
          </reporter-output>
        </test-method> <!-- setUpEnv -->
        <test-method signature="search()[pri:0, instance:test.SearchTest@543295b0]" started-at="2023-04-22T12:28:48 IST" name="search" finished-at="2023-04-22T12:28:48 IST" duration-ms="150" status="PASS">
          <reporter-output>
          </reporter-output>
        </test-method> <!-- search -->
        <test-method signature="serachBTN()[pri:0, instance:test.SearchTest@543295b0]" started-at="2023-04-22T12:28:48 IST" name="serachBTN" finished-at="2023-04-22T12:28:52 IST" duration-ms="3441" status="PASS">
          <reporter-output>
          </reporter-output>
        </test-method> <!-- serachBTN -->
        <test-method is-config="true" signature="tearDown()[pri:0, instance:test.SearchTest@543295b0]" started-at="2023-04-22T12:28:52 IST" name="tearDown" finished-at="2023-04-22T12:28:52 IST" duration-ms="194" status="PASS">
          <reporter-output>
          </reporter-output>
        </test-method> <!-- tearDown -->
      </class> <!-- test.SearchTest -->
    </test> <!-- Default test -->
  </suite> <!-- Default suite -->
</testng-results>
